<?xml version="1.0" encoding="UTF-8"?>
<!-- Generated by org.testng.reporters.JUnitXMLReporter -->
<testsuite ignored="0" hostname="Supriya-DELL" failures="0" tests="2" name="Test-Runner-2" time="25.53" errors="0" timestamp="2023-07-25T20:31:14 IST">
  <testcase classname="Vtiger.OrganizationsTests.CreateOrgWithIndustryTest" name="createOrgWithIndustryTest" time="13.462"/>
  <testcase classname="Vtiger.OrganizationsTests.CreateOrgWithIndustryTest" name="sample" time="0.002"/>
</testsuite> <!-- Test-Runner-2 -->
