<?xml version="1.0" encoding="UTF-8"?>
<!-- Generated by org.testng.reporters.JUnitXMLReporter -->
<testsuite ignored="0" hostname="Supriya-DELL" failures="0" tests="2" name="Test-Runner-Firefox" time="28.6" errors="0" timestamp="2023-07-26T19:42:24 IST">
  <testcase classname="Vtiger.ContactsTests.CreateContactWithOrganizationTest" name="createContactWithOrganizationTest" time="28.544"/>
  <testcase classname="Vtiger.ContactsTests.CreateContactWithOrganizationTest" name="demotest" time="0.002"/>
</testsuite> <!-- Test-Runner-Firefox -->
