<?xml version="1.0" encoding="UTF-8"?>
<!-- Generated by org.testng.reporters.JUnitXMLReporter -->
<testsuite ignored="0" hostname="Supriya-DELL" failures="0" tests="2" name="Test-Runner-1" time="21.122" errors="0" timestamp="2023-07-25T20:31:09 IST">
  <testcase classname="Vtiger.ContactsTests.CreateContactWithOrganizationTest" name="createContactWithOrganizationTest" time="21.09"/>
  <testcase classname="Vtiger.ContactsTests.CreateContactWithOrganizationTest" name="demotest" time="0.001"/>
</testsuite> <!-- Test-Runner-1 -->
