<?xml version="1.0" encoding="UTF-8"?>
<!-- Generated by org.testng.reporters.JUnitReportReporter -->
<testsuite hostname="Supriya-DELL" failures="0" tests="1" name="Practice.TestNGPractice" time="0.007" errors="0" timestamp="2023-07-23T15:36:21 IST" skipped="0">
  <testcase classname="Practice.TestNGPractice" name="createCustomer" time="0.007"/>
</testsuite> <!-- Practice.TestNGPractice -->
