<?xml version="1.0" encoding="UTF-8"?>
<!-- Generated by org.testng.reporters.JUnitReportReporter -->
<testsuite hostname="Supriya-DELL" failures="0" tests="1" name="WeekendPractice.BrowserStackRun" time="13.291" errors="0" timestamp="2023-07-08T11:05:42 IST" skipped="0">
  <testcase classname="WeekendPractice.BrowserStackRun" name="browserRun" time="13.291"/>
</testsuite> <!-- WeekendPractice.BrowserStackRun -->
