<?xml version="1.0" encoding="UTF-8"?>
<!-- Generated by org.testng.reporters.JUnitReportReporter -->
<testsuite hostname="Supriya-DELL" failures="0" tests="1" name="Practice.RetryAnalyzerPractice" time="0.012" errors="0" timestamp="2023-07-28T20:11:06 IST" skipped="0">
  <testcase classname="Practice.RetryAnalyzerPractice" name="sample" time="0.012"/>
</testsuite> <!-- Practice.RetryAnalyzerPractice -->
