<?xml version="1.0" encoding="UTF-8"?>
<!-- Generated by org.testng.reporters.JUnitReportReporter -->
<testsuite hostname="Supriya-DELL" failures="0" tests="1" name="Vtiger.ContactsTests.CreateContactWithOrganizationTest" time="12.830" errors="0" timestamp="2023-08-03T14:41:26 IST" skipped="0">
  <testcase classname="Vtiger.ContactsTests.CreateContactWithOrganizationTest" name="createContactWithOrganizationTest" time="12.830">
    <system-out>
      <![CDATA[Org link clicked
create org look up image is clicked
Organization created
Contacts link clicked
create contact look up image is clicked
Contacts created]]>
    </system-out>
  </testcase> <!-- createContactWithOrganizationTest -->
  <system-out>
    <![CDATA[Org link clicked
create org look up image is clicked
Organization created
Contacts link clicked
create contact look up image is clicked
Contacts created]]>
  </system-out>
</testsuite> <!-- Vtiger.ContactsTests.CreateContactWithOrganizationTest -->
