<?xml version="1.0" encoding="UTF-8"?>
<!-- Generated by org.testng.reporters.JUnitReportReporter -->
<testsuite hostname="Supriya-DELL" failures="0" tests="1" name="Vtiger.ReadDataFromCmdLineTest" time="0.009" errors="0" timestamp="2023-08-01T20:13:06 IST" skipped="0">
  <testcase classname="Vtiger.ReadDataFromCmdLineTest" name="read" time="0.009"/>
</testsuite> <!-- Vtiger.ReadDataFromCmdLineTest -->
