<?xml version="1.0" encoding="UTF-8"?>
<!-- Generated by org.testng.reporters.JUnitReportReporter -->
<testsuite hostname="Supriya-DELL" failures="0" tests="2" name="Vtiger.OrganizationsTests.CreateOrgWithIndustryTest" time="10.913" errors="0" timestamp="2023-08-03T14:50:18 IST" skipped="0">
  <testcase classname="Vtiger.OrganizationsTests.CreateOrgWithIndustryTest" name="createOrgWithIndustryTest" time="7.990"/>
  <testcase classname="Vtiger.OrganizationsTests.CreateOrgWithIndustryTest" name="sample" time="2.923"/>
</testsuite> <!-- Vtiger.OrganizationsTests.CreateOrgWithIndustryTest -->
