<?xml version="1.0" encoding="UTF-8"?>
<!-- Generated by org.testng.reporters.JUnitReportReporter -->
<testsuite hostname="Supriya-DELL" failures="0" tests="3" name="Practice.DataProviderPractice" time="0.012" errors="0" timestamp="2023-07-18T20:23:44 IST" skipped="0">
  <testcase classname="Practice.DataProviderPractice" name="addToCartTest" time="0.010"/>
  <testcase classname="Practice.DataProviderPractice" name="addToCartTest" time="0.001"/>
  <testcase classname="Practice.DataProviderPractice" name="addToCartTest" time="0.001"/>
</testsuite> <!-- Practice.DataProviderPractice -->
